<?xml version="1.0" encoding="UTF-8" standalone="no"?>
<!DOCTYPE log SYSTEM "logger.dtd">
<log>
<record>
  <date>2023-05-07T17:09:08.035262Z</date>
  <millis>1683479348035</millis>
  <nanos>262000</nanos>
  <sequence>0</sequence>
  <logger>com.solvd.laba.MainMethod.Main</logger>
  <level>INFO</level>
  <class>com.solvd.laba.MainMethod.Main</class>
  <method>main</method>
  <thread>1</thread>
  <message>The rate of Gas 95 is: 3.65</message>
</record>
<record>
  <date>2023-05-07T17:09:08.109927Z</date>
  <millis>1683479348109</millis>
  <nanos>927000</nanos>
  <sequence>1</sequence>
  <logger>com.solvd.laba.MainMethod.Main</logger>
  <level>INFO</level>
  <class>com.solvd.laba.MainMethod.Main</class>
  <method>main</method>
  <thread>1</thread>
  <message>Cars.Car services for Trucks:</message>
</record>
<record>
  <date>2023-05-07T17:09:08.129082Z</date>
  <millis>1683479348129</millis>
  <nanos>82000</nanos>
  <sequence>3</sequence>
  <logger>com.solvd.laba.MainMethod.Main</logger>
  <level>INFO</level>
  <class>com.solvd.laba.MainMethod.Main</class>
  <method>main</method>
  <thread>1</thread>
  <message>Clients:</message>
</record>
<record>
  <date>2023-05-07T17:09:08.134919Z</date>
  <millis>1683479348134</millis>
  <nanos>919000</nanos>
  <sequence>6</sequence>
  <logger>com.solvd.laba.MainMethod.Main</logger>
  <level>INFO</level>
  <class>com.solvd.laba.MainMethod.Main</class>
  <method>main</method>
  <thread>1</thread>
  <message>Employees:</message>
</record>
<record>
  <date>2023-05-07T17:09:08.149872Z</date>
  <millis>1683479348149</millis>
  <nanos>872000</nanos>
  <sequence>15</sequence>
  <logger>com.solvd.laba.MainMethod.Main</logger>
  <level>INFO</level>
  <class>com.solvd.laba.MainMethod.Main</class>
  <method>main</method>
  <thread>1</thread>
  <message>Employees.Mechanic doesn't have gloves .His hands are dirty now.</message>
</record>
<record>
  <date>2023-05-07T17:09:08.155349Z</date>
  <millis>1683479348155</millis>
  <nanos>349000</nanos>
  <sequence>20</sequence>
  <logger>com.solvd.laba.MainMethod.Main</logger>
  <level>INFO</level>
  <class>com.solvd.laba.MainMethod.Main</class>
  <method>main</method>
  <thread>1</thread>
  <message>Cars:</message>
</record>
<record>
  <date>2023-05-07T17:09:08.160977Z</date>
  <millis>1683479348160</millis>
  <nanos>977000</nanos>
  <sequence>26</sequence>
  <logger>com.solvd.laba.MainMethod.Main</logger>
  <level>INFO</level>
  <class>com.solvd.laba.MainMethod.Main</class>
  <method>main</method>
  <thread>1</thread>
  <message>Hash Code30784</message>
</record>
<record>
  <date>2023-05-07T17:09:08.162843Z</date>
  <millis>1683479348162</millis>
  <nanos>843000</nanos>
  <sequence>28</sequence>
  <logger>com.solvd.laba.MainMethod.Main</logger>
  <level>INFO</level>
  <class>com.solvd.laba.MainMethod.Main</class>
  <method>main</method>
  <thread>1</thread>
  <message>Cars.Car services for usual cars:</message>
</record>
<record>
  <date>2023-05-07T17:09:08.166642Z</date>
  <millis>1683479348166</millis>
  <nanos>642000</nanos>
  <sequence>30</sequence>
  <logger>com.solvd.laba.MainMethod.Main</logger>
  <level>INFO</level>
  <class>com.solvd.laba.MainMethod.Main</class>
  <method>main</method>
  <thread>1</thread>
  <message>Employees:</message>
</record>
<record>
  <date>2023-05-07T17:09:08.169822Z</date>
  <millis>1683479348169</millis>
  <nanos>822000</nanos>
  <sequence>34</sequence>
  <logger>com.solvd.laba.MainMethod.Main</logger>
  <level>INFO</level>
  <class>com.solvd.laba.MainMethod.Main</class>
  <method>main</method>
  <thread>1</thread>
  <message>Fake car Insurance is illegal,You'll be in jail</message>
</record>
<record>
  <date>2023-05-07T17:09:08.174099Z</date>
  <millis>1683479348174</millis>
  <nanos>99000</nanos>
  <sequence>39</sequence>
  <logger>com.solvd.laba.MainMethod.Main</logger>
  <level>INFO</level>
  <class>com.solvd.laba.MainMethod.Main</class>
  <method>main</method>
  <thread>1</thread>
  <message>You don't have tools .It is really bad</message>
</record>
<record>
  <date>2023-05-07T17:09:08.179675Z</date>
  <millis>1683479348179</millis>
  <nanos>675000</nanos>
  <sequence>45</sequence>
  <logger>com.solvd.laba.MainMethod.Main</logger>
  <level>INFO</level>
  <class>com.solvd.laba.MainMethod.Main</class>
  <method>main</method>
  <thread>1</thread>
  <message>No such file or directory</message>
</record>
<record>
  <date>2023-05-07T17:09:08.181394Z</date>
  <millis>1683479348181</millis>
  <nanos>394000</nanos>
  <sequence>46</sequence>
  <logger>com.solvd.laba.MainMethod.Main</logger>
  <level>INFO</level>
  <class>com.solvd.laba.MainMethod.Main</class>
  <method>main</method>
  <thread>1</thread>
  <message>Cars:</message>
</record>
<record>
  <date>2023-05-07T17:09:08.185717Z</date>
  <millis>1683479348185</millis>
  <nanos>717000</nanos>
  <sequence>52</sequence>
  <logger>com.solvd.laba.MainMethod.Main</logger>
  <level>INFO</level>
  <class>com.solvd.laba.MainMethod.Main</class>
  <method>main</method>
  <thread>1</thread>
  <message>Hash Code30784</message>
</record>
<record>
  <date>2023-05-07T17:09:08.188023Z</date>
  <millis>1683479348188</millis>
  <nanos>23000</nanos>
  <sequence>55</sequence>
  <logger>com.solvd.laba.MainMethod.Main</logger>
  <level>INFO</level>
  <class>com.solvd.laba.MainMethod.Main</class>
  <method>main</method>
  <thread>1</thread>
  <message>Cars.Car services for Trailers:</message>
</record>
<record>
  <date>2023-05-07T17:09:08.190541Z</date>
  <millis>1683479348190</millis>
  <nanos>541000</nanos>
  <sequence>57</sequence>
  <logger>com.solvd.laba.MainMethod.Main</logger>
  <level>INFO</level>
  <class>com.solvd.laba.MainMethod.Main</class>
  <method>main</method>
  <thread>1</thread>
  <message>Employees:</message>
</record>
<record>
  <date>2023-05-07T17:09:08.195936Z</date>
  <millis>1683479348195</millis>
  <nanos>936000</nanos>
  <sequence>67</sequence>
  <logger>com.solvd.laba.MainMethod.Main</logger>
  <level>INFO</level>
  <class>com.solvd.laba.MainMethod.Main</class>
  <method>main</method>
  <thread>1</thread>
  <message>Cars:</message>
</record>
<record>
  <date>2023-05-07T17:09:08.199913Z</date>
  <millis>1683479348199</millis>
  <nanos>913000</nanos>
  <sequence>73</sequence>
  <logger>com.solvd.laba.MainMethod.Main</logger>
  <level>INFO</level>
  <class>com.solvd.laba.MainMethod.Main</class>
  <method>main</method>
  <thread>1</thread>
  <message>Hash Code30784</message>
</record>
<record>
  <date>2023-05-07T17:09:08.201571Z</date>
  <millis>1683479348201</millis>
  <nanos>571000</nanos>
  <sequence>75</sequence>
  <logger>com.solvd.laba.MainMethod.Main</logger>
  <level>INFO</level>
  <class>com.solvd.laba.MainMethod.Main</class>
  <method>main</method>
  <thread>1</thread>
  <message>List of Oil price:</message>
</record>
<record>
  <date>2023-05-07T17:09:08.203101Z</date>
  <millis>1683479348203</millis>
  <nanos>101000</nanos>
  <sequence>77</sequence>
  <logger>com.solvd.laba.MainMethod.Main</logger>
  <level>INFO</level>
  <class>com.solvd.laba.MainMethod.Main</class>
  <method>main</method>
  <thread>1</thread>
  <message>List of car maintenance:</message>
</record>
<record>
  <date>2023-05-07T17:09:08.207675Z</date>
  <millis>1683479348207</millis>
  <nanos>675000</nanos>
  <sequence>82</sequence>
  <logger>com.solvd.laba.MainMethod.Main</logger>
  <level>INFO</level>
  <class>com.solvd.laba.MainMethod.Main</class>
  <method>main</method>
  <thread>1</thread>
  <message>Available lisence plates:</message>
</record>
</log>
